Processor: Intel(R) Xeon(R) CPU @ 2.00GHz, 4 core(s) @ 2000 MHz 
Available Memory: 32100 MB 
Linux Kernel and distribution: Linux 6.12 Ubuntu 22.04 64bit
System Language: en_US
System has not been booted with systemd as init system (PID 1). Can't operate.
Failed to connect to bus: Host is down
Keyboard Layout: default
Mono path[0] = '/kaggle/working/env/BWComm_Data/Managed'
Mono config path = '/kaggle/working/env/BWComm_Data/MonoBleedingEdge/etc'
CodeReloadManager initialized
Failed to open plugin: /kaggle/working/env/BWComm_Data/Plugins/libAppUINativePlugin.so
Input System module state changed to: Initialized.
[Physics::Module] Initialized fallback backend.
[Physics::Module] Id: 0xdecafbad
Plugins: Couldn't open /kaggle/working/env/BWComm_Data/Plugins/libAppUINativePlugin.so, error: libgtk-3.so.0: cannot open shared object file: No such file or directory
Initialize engine version: 6000.4.0f1 (8cf496087c8f)
[Subsystems] Discovering subsystems at path /kaggle/working/env/BWComm_Data/UnitySubsystems
Forcing GfxDevice: Null
GfxDevice: creating device client; kGfxThreadingModeNonThreaded
NullGfxDevice:
    Version:  NULL 1.0 [1.0]
    Renderer: Null Device
    Vendor:   Unity Technologies
Begin MonoManager ReloadAssembly
- Finished resetting the current domain, in  0.002 seconds
[Physics::Module] Selected backend.
[Physics::Module] Name: PhysX
[Physics::Module] Id: 0xf2b8ea05
[Physics::Module] SDK Version: 4.1.2
[Physics::Module] Integration Version: 1.0.0
[Physics::Module] Threading Mode: Multi-Threaded
<b>[App UI]</b> Unable to find an AppUISettings instance, creating a default one...
DllNotFoundException: libgtk-3.so.0: cannot open shared object file: No such file or directory assembly:<unknown assembly> type:<unknown type> member:(null)
  at (wrapper managed-to-native) Unity.AppUI.Core.LinuxPlatformImpl.NativeAppUI_Initialize(Unity.AppUI.Core.LinuxPlatformImpl/PluginConfigData&)
  at Unity.AppUI.Core.LinuxPlatformImpl.Setup () [0x00023] in <a77837033f39424aa4f4cbd5d9f0ebb5>:0 
  at Unity.AppUI.Core.LinuxPlatformImpl..ctor () [0x00006] in <a77837033f39424aa4f4cbd5d9f0ebb5>:0 
  at Unity.AppUI.Core.Platform.Initialize () [0x00009] in <a77837033f39424aa4f4cbd5d9f0ebb5>:0 
UnityEngine.DebugLogHandler:Internal_LogException_Injected(Exception, IntPtr)
UnityEngine.DebugLogHandler:Internal_LogException(Exception, Object)
UnityEngine.DebugLogHandler:LogException(Exception, Object)
UnityEngine.Logger:LogException(Exception, Object)
UnityEngine.Debug:LogException(Exception)
Unity.AppUI.Core.Platform:Initialize()
Unity.AppUI.Core.Platform:.cctor()

UnloadTime: 0.500316 ms
Registered Communicator in Agent.
[Oracle Watcher B Blue] watching color: BLUE
[Oracle Watcher B Blue] watching color: BLUE
[Oracle Watcher B Blue] watching color: BLUE
[Oracle Watcher B Blue] watching color: BLUE
[Oracle Watcher B Blue] watching color: BLUE
[Oracle Watcher B Blue] watching color: BLUE
[Oracle Watcher B Blue] watching color: BLUE
[Oracle Watcher B Blue] watching color: BLUE
[Oracle Watcher B Blue] watching color: BLUE
[Oracle Watcher B Blue] watching color: BLUE
[Oracle Watcher B Blue] watching color: BLUE
[Oracle Watcher B Blue] watching color: BLUE
[Oracle Watcher B Blue] watching color: BLUE
[Oracle Watcher B Blue] watching color: BLUE
[Oracle Watcher A Red] watching color: RED
[Oracle Watcher A Red] watching color: RED
[Oracle Watcher A Red] watching color: RED
[Oracle Watcher A Red] watching color: RED
[Oracle Watcher A Red] watching color: RED
[Oracle Watcher A Red] watching color: RED
[Oracle Watcher A Red] watching color: RED
[Oracle Watcher A Red] watching color: RED
[Oracle Watcher A Red] watching color: RED
[Oracle Watcher A Red] watching color: RED
[Oracle Watcher A Red] watching color: RED
[Oracle Watcher A Red] watching color: RED
[Oracle Watcher A Red] watching color: RED
[Oracle Watcher A Red] watching color: RED
Unable to save timers to file /kaggle/working/env/BWComm_Data/ML-Agents/Timers/New Scene_timers.json
[Physics::Module] Cleanup current backend.
[Physics::Module] Id: 0xf2b8ea05
Input System module state changed to: ShutdownInProgress.
Input Polling Thread exited.
Input System module state changed to: Shutdown.
CodeReloadManager destroyed
